0 info it worked if it ends with ok
1 verbose cli [ 'C:\\Program Files\\nodejs\\node.exe',
1 verbose cli   'C:\\Users\\IMM90\\AppData\\Roaming\\npm\\node_modules\\npm\\bin\\npm-cli.js',
1 verbose cli   'test' ]
2 info using npm@4.0.5
3 info using node@v4.5.0
4 verbose run-script [ 'pretest', 'test', 'posttest' ]
5 info lifecycle angular-es5@1.0.0~pretest: angular-es5@1.0.0
6 silly lifecycle angular-es5@1.0.0~pretest: no script for pretest, continuing
7 info lifecycle angular-es5@1.0.0~test: angular-es5@1.0.0
8 verbose lifecycle angular-es5@1.0.0~test: unsafe-perm in lifecycle true
9 verbose lifecycle angular-es5@1.0.0~test: PATH: C:\Users\IMM90\AppData\Roaming\npm\node_modules\npm\bin\node-gyp-bin;C:\Users\IMM90\Desktop\Code\starter-kit\angular2-es5\node_modules\.bin;C:\Program Files (x86)\Python35-32\Scripts\;C:\Program Files (x86)\Python35-32\;C:\ProgramData\Oracle\Java\javapath;C:\Windows\system32;C:\Windows;C:\Windows\System32\Wbem;C:\Windows\System32\WindowsPowerShell\v1.0\;C:\Program Files (x86)\ATI Technologies\ATI.ACE\Core-Static;C:\Program Files\nodejs\;C:\Program Files\Git\cmd;C:\xampp\php;C:\ProgramData\ComposerSetup\bin;C:\ANT_HOME\bin;C:\ANT_HOME\bin\ant.bat;C:\Program Files\Java\jdk1.8.0_101\bin;C:\Program Files (x86)\Android\android-sdk\build-tools\24.0.2\;C:\Users\IMM90\AppData\Local\Microsoft\WindowsApps;;C:\Program Files (x86)\Microsoft VS Code\bin;C:\Users\IMM90\AppData\Roaming\npm;C:\Users\IMM90\AppData\Roaming\Composer\vendor\bin;C:\Users\IMM90\AppData\Local\.meteor\
10 verbose lifecycle angular-es5@1.0.0~test: CWD: C:\Users\IMM90\Desktop\Code\starter-kit\angular2-es5
11 silly lifecycle angular-es5@1.0.0~test: Args: [ '/d /s /c', 'gulp test' ]
12 silly lifecycle angular-es5@1.0.0~test: Returned: code: 3221225786  signal: null
13 info lifecycle angular-es5@1.0.0~test: Failed to exec test script
14 error Test failed.  See above for more details.
15 verbose exit [ 1, true ]
16 verbose stack Error: kill ENOSYS
16 verbose stack     at exports._errnoException (util.js:907:11)
16 verbose stack     at process.kill (node.js:777:15)
16 verbose stack     at process.listener (C:\Users\IMM90\AppData\Roaming\npm\node_modules\npm\node_modules\npmlog\node_modules\gauge\node_modules\signal-exit\index.js:86:15)
16 verbose stack     at emitNone (events.js:72:20)
16 verbose stack     at process.emit (events.js:166:7)
16 verbose stack     at processEmit (C:\Users\IMM90\AppData\Roaming\npm\node_modules\npm\node_modules\npmlog\node_modules\gauge\node_modules\signal-exit\index.js:146:32)
16 verbose stack     at processEmit (C:\Users\IMM90\AppData\Roaming\npm\node_modules\npm\node_modules\npm-registry-client\node_modules\npmlog\node_modules\gauge\node_modules\signal-exit\index.js:146:32)
16 verbose stack     at Signal.wrap.onsignal (node.js:804:46)
17 verbose cwd C:\Users\IMM90\Desktop\Code\starter-kit\angular2-es5
18 error Windows_NT 10.0.14393
19 error argv "C:\\Program Files\\nodejs\\node.exe" "C:\\Users\\IMM90\\AppData\\Roaming\\npm\\node_modules\\npm\\bin\\npm-cli.js" "test"
20 error node v4.5.0
21 error npm  v4.0.5
22 error code ENOSYS
23 error errno ENOSYS
24 error syscall kill
25 error kill ENOSYS
26 error If you need help, you may report this error at:
26 error     <https://github.com/npm/npm/issues>
27 verbose exit [ 1, true ]
